<?xml version="1.0" encoding="UTF-8"?>
<!-- Generated by org.testng.reporters.JUnitXMLReporter -->
<testsuite ignored="0" hostname="LTIN295016" failures="0" tests="8" name="Test" time="118.368" errors="0" timestamp="2024-02-14T16:21:38 IST">
  <testcase classname="testCases.TC_001_search_bookshelves" name="search_Bookshelves" time="3.22"/>
  <testcase classname="testCases.TC_001_search_bookshelves" name="applying_filters" time="36.433"/>
  <testcase classname="testCases.TC_002_Living_Submenu" name="retrieve_submenu" time="4.896"/>
  <testcase classname="testCases.TC_003_Giftcards" name="gift_card_selection" time="12.054"/>
  <testcase classname="testCases.TC_003_Giftcards" name="set_amount_and_date" time="3.924"/>
  <testcase classname="testCases.TC_003_Giftcards" name="invalid_details" time="6.05"/>
  <testcase classname="testCases.TC_003_Giftcards" name="valid_details" time="6.566"/>
  <testcase classname="testCases.TC_003_Giftcards" name="confirm_details" time="3.174"/>
</testsuite> <!-- Test -->
